<?xml version="1.0" encoding="UTF-8"?>
<testng-results ignored="0" total="1" passed="1" failed="0" skipped="0">
  <reporter-output>
  </reporter-output>
  <suite started-at="2026-01-15T16:32:33 IST" name="Default suite" finished-at="2026-01-15T16:32:45 IST" duration-ms="12698">
    <groups>
    </groups>
    <test started-at="2026-01-15T16:32:33 IST" name="Default test" finished-at="2026-01-15T16:32:45 IST" duration-ms="12698">
      <class name="testscript.ManageCategoryTest">
        <test-method is-config="true" signature="initializebrowser()[pri:0, instance:testscript.ManageCategoryTest@4afcd809]" started-at="2026-01-15T16:32:33 IST" name="initializebrowser" finished-at="2026-01-15T16:32:38 IST" duration-ms="5782" status="PASS">
          <reporter-output>
          </reporter-output>
        </test-method> <!-- initializebrowser -->
        <test-method signature="verifyUserIsAbleToAddCategory()[pri:0, instance:testscript.ManageCategoryTest@4afcd809]" started-at="2026-01-15T16:32:38 IST" name="verifyUserIsAbleToAddCategory" finished-at="2026-01-15T16:32:45 IST" duration-ms="6835" status="PASS">
          <reporter-output>
          </reporter-output>
        </test-method> <!-- verifyUserIsAbleToAddCategory -->
      </class> <!-- testscript.ManageCategoryTest -->
    </test> <!-- Default test -->
  </suite> <!-- Default suite -->
</testng-results>
